
 ===============================================================================
 Bernese GNSS Software, Version 5.3
 -------------------------------------------------------------------------------
 Program        : PRETAB
 Purpose        : Create tabular orbits
 -------------------------------------------------------------------------------
 Campaign       : ${K}/GPSYAW
 Default session: 0560 year 2021
 Date           : 27-Jun-2022 14:06:38
 User name      : areitu
 ===============================================================================


 PPP_210560: Orbit information - PPP TEST
 -------------------------------------------------------------------------------


 System: J2000.0

 INPUT AND OUTPUT FILENAMES
 --------------------------

 -------------------------------------------------------------------------------
 General constants               : ${X}/GEN/CONST.
 Satellite problems              : ${X}/GEN/SAT_2021.CRX
 Nutation model                  : ${X}/GEN/IAU2000R06.NUT
 Subdaily pole model             : ${X}/GEN/IERS2010XY.SUB
 Pole file                       : ${K}/GPSYAW/ORB/COD210560.ERP
 Tabular file(s)                 : ${K}/GPSYAW/ORB/COD210560.TAB
 Ocean loading corrections       :  ---
 Atmospheric loading corrections :  ---
 Satellite clock file            :  ---
 Program output                  : ${K}/GPSYAW/OUT/TAB210560.OUT
 Error message                   : ${U}/WORK/ERROR.MSG
 Session table                   : ${K}/GPSYAW/STA/SESSIONS.SES
 -------------------------------------------------------------------------------




 FILE  PRECISE ORBIT FILENAME            TABULAR ORBIT FILENAME 
 ----  --------------------------------  --------------------------------

    1  ${K}/GPSYAW/ORB/COD210560.PRE     ${K}/GPSYAW/ORB/COD210560.TAB   



-----------------------------------------------------------------
>>> CPU/Real time for pgm "PRETAB": 0:00:00.087 / 0:00:00.088
>>> Program ended with an error

